Flutter crash report.
Please report a bug at https://github.com/flutter/flutter/issues.

## command

flutter build apk --target-platform android-arm,android-arm64,android-x64 --split-per-abi

## exception

ProcessException: ProcessException: Process exited abnormally with exit code 1:

Welcome to Gradle 7.5!

Here are the highlights of this release:
 - Support for Java 18
 - Support for building with Groovy 4
 - Much more responsive continuous builds
 - Improved diagnostics for dependency resolution

For more details see https://docs.gradle.org/7.5/release-notes.html


Deprecated Gradle features were used in this build, making it incompatible with Gradle 8.0.

You can use '--warning-mode all' to show the individual deprecation warnings and determine if they come from your own scripts or plugins.

See https://docs.gradle.org/7.5/userguide/command_line_interface.html#sec:command_line_warnings


FAILURE: Build failed with an exception.

* What went wrong:
Project 'app' not found in root project 'android'.

* Try:
> Run with --stacktrace option to get the stack trace.
> Run with --info or --debug option to get more log output.
> Run with --scan to get full insights.

* Get more help at https://help.gradle.org

BUILD FAILED in 722ms
  Command: /home/mauricio/freshappweb_delivery/android/gradlew app:tasks --all --console=auto

```
#0      RunResult.throwException (package:flutter_tools/src/base/process.dart:127:5)
#1      _DefaultProcessUtils.run (package:flutter_tools/src/base/process.dart:326:19)
<asynchronous suspension>
#2      flavorUndefinedHandler.<anonymous closure> (package:flutter_tools/src/android/gradle_errors.dart:373:38)
<asynchronous suspension>
#3      AndroidGradleBuilder.buildGradleApp (package:flutter_tools/src/android/gradle.dart:511:40)
<asynchronous suspension>
#4      AndroidGradleBuilder.buildApk (package:flutter_tools/src/android/gradle.dart:224:5)
<asynchronous suspension>
#5      BuildApkCommand.runCommand (package:flutter_tools/src/commands/build_apk.dart:142:5)
<asynchronous suspension>
#6      FlutterCommand.run.<anonymous closure> (package:flutter_tools/src/runner/flutter_command.dart:1389:27)
<asynchronous suspension>
#7      AppContext.run.<anonymous closure> (package:flutter_tools/src/base/context.dart:153:19)
<asynchronous suspension>
#8      CommandRunner.runCommand (package:args/command_runner.dart:212:13)
<asynchronous suspension>
#9      FlutterCommandRunner.runCommand.<anonymous closure> (package:flutter_tools/src/runner/flutter_command_runner.dart:355:9)
<asynchronous suspension>
#10     AppContext.run.<anonymous closure> (package:flutter_tools/src/base/context.dart:153:19)
<asynchronous suspension>
#11     FlutterCommandRunner.runCommand (package:flutter_tools/src/runner/flutter_command_runner.dart:295:5)
<asynchronous suspension>
#12     run.<anonymous closure>.<anonymous closure> (package:flutter_tools/runner.dart:119:9)
<asynchronous suspension>
#13     AppContext.run.<anonymous closure> (package:flutter_tools/src/base/context.dart:153:19)
<asynchronous suspension>
#14     main (package:flutter_tools/executable.dart:90:3)
<asynchronous suspension>
```

## flutter doctor

```
[32m[✓][39m Flutter (Channel stable, 3.19.0, on Ubuntu 20.04.6 LTS 5.15.0-94-generic, locale en_US.UTF-8)
    [32m•[39m Flutter version 3.19.0 on channel stable at /home/mauricio/snap/flutter/common/flutter
    [32m•[39m Upstream repository https://github.com/flutter/flutter.git
    [32m•[39m Framework revision bae5e49bc2 (7 days ago), 2024-02-13 17:46:18 -0800
    [32m•[39m Engine revision 04817c99c9
    [32m•[39m Dart version 3.3.0
    [32m•[39m DevTools version 2.31.1

[32m[✓][39m Android toolchain - develop for Android devices (Android SDK version 34.0.0)
    [32m•[39m Android SDK at /home/mauricio/Android/Sdk
    [32m•[39m Platform android-34-ext10, build-tools 34.0.0
    [32m•[39m Java binary at: /usr/local/androidstudio/android-studio/jbr/bin/java
    [32m•[39m Java version OpenJDK Runtime Environment (build 17.0.7+0-17.0.7b1000.6-10550314)
    [32m•[39m All Android licenses accepted.

[32m[✓][39m Chrome - develop for the web
    [32m•[39m Chrome at google-chrome

[32m[✓][39m Linux toolchain - develop for Linux desktop
    [32m•[39m clang version 10.0.0-4ubuntu1
    [32m•[39m cmake version 3.16.3
    [32m•[39m ninja version 1.10.0
    [32m•[39m pkg-config version 0.29.1

[32m[✓][39m Android Studio (version 2023.1)
    [32m•[39m Android Studio at /usr/local/androidstudio/android-studio
    [32m•[39m Flutter plugin can be installed from:
      🔨 https://plugins.jetbrains.com/plugin/9212-flutter
    [32m•[39m Dart plugin can be installed from:
      🔨 https://plugins.jetbrains.com/plugin/6351-dart
    [32m•[39m Java version OpenJDK Runtime Environment (build 17.0.7+0-17.0.7b1000.6-10550314)

[32m[✓][39m VS Code (version 1.86.2)
    [32m•[39m VS Code at /snap/code/current/usr/share/code
    [32m•[39m Flutter extension can be installed from:
      🔨 https://marketplace.visualstudio.com/items?itemName=Dart-Code.flutter

[32m[✓][39m Connected device (2 available)
    [32m•[39m Linux (desktop) • linux  • linux-x64      • Ubuntu 20.04.6 LTS 5.15.0-94-generic
    [32m•[39m Chrome (web)    • chrome • web-javascript • Google Chrome 122.0.6261.57

[32m[✓][39m Network resources
    [32m•[39m All expected network resources are available.

[32m•[39m No issues found!
```
